This is pdfTeX, Version 3.1415926-2.4-1.40.13 (TeX Live 2012/Debian) (format=latex 2013.2.27)  3 MAR 2013 01:03
entering extended mode
 restricted \write18 enabled.
 %&-line parsing enabled.
**main.tex
(./main.tex
LaTeX2e <2011/06/27>
Babel <v3.8m> and hyphenation patterns for english, dumylang, nohyphenation, lo
aded.
(./mn2e.cls
Document Class: mn2e 2001/02/06 v2.2 LaTeX2e MN document class
Document Style `MN' v2.2, released 2001 February 20
\math@groups=\toks14
LaTeX Font Info:    Overwriting symbol font `symbols' in version `bold'
(Font)                  OMS/cmsy/b/n --> OMS/cmsy/b/n on input line 223.
\symbmisymbols=\mathgroup4
\SFB@measure=\dimen102
\realparindent=\skip41
\c@part=\count79
\c@section=\count80
\c@subsection=\count81
\c@subsubsection=\count82
\c@paragraph=\count83
\c@subparagraph=\count84
\@indentskip=\skip42
\smallindent=\skip43
\@footindent=\skip44
\@leftskip=\skip45
\c@dummy=\count85
(/usr/share/texlive/texmf-dist/tex/latex/natbib/natbib.sty
Package: natbib 2010/09/13 8.31b (PWD, AO)
\bibhang=\skip46
\bibsep=\skip47
LaTeX Info: Redefining \cite on input line 694.
\c@NAT@ctr=\count86
)
\c@table=\count87
\c@figure=\count88
\mathindent=\dimen103
)
(/usr/share/texlive/texmf-dist/tex/latex/amsmath/amsmath.sty
Package: amsmath 2000/07/18 v2.13 AMS math features
\@mathmargin=\skip48

For additional information on amsmath, use the `?' option.
(/usr/share/texlive/texmf-dist/tex/latex/amsmath/amstext.sty
Package: amstext 2000/06/29 v2.01

(/usr/share/texlive/texmf-dist/tex/latex/amsmath/amsgen.sty
File: amsgen.sty 1999/11/30 v2.0
\@emptytoks=\toks15
\ex@=\dimen104
))
(/usr/share/texlive/texmf-dist/tex/latex/amsmath/amsbsy.sty
Package: amsbsy 1999/11/29 v1.2d
\pmbraise@=\dimen105
)
(/usr/share/texlive/texmf-dist/tex/latex/amsmath/amsopn.sty
Package: amsopn 1999/12/14 v2.01 operator names
)
\inf@bad=\count89
LaTeX Info: Redefining \frac on input line 211.
\uproot@=\count90
\leftroot@=\count91
LaTeX Info: Redefining \overline on input line 307.
\classnum@=\count92
\DOTSCASE@=\count93
LaTeX Info: Redefining \ldots on input line 379.
LaTeX Info: Redefining \dots on input line 382.
LaTeX Info: Redefining \cdots on input line 467.
\Mathstrutbox@=\box26
\strutbox@=\box27
\big@size=\dimen106
LaTeX Font Info:    Redeclaring font encoding OML on input line 567.
LaTeX Font Info:    Redeclaring font encoding OMS on input line 568.
\macc@depth=\count94
\c@MaxMatrixCols=\count95
\dotsspace@=\muskip10
\c@parentequation=\count96
\dspbrk@lvl=\count97
\tag@help=\toks16
\row@=\count98
\column@=\count99
\maxfields@=\count100
\andhelp@=\toks17
\eqnshift@=\dimen107
\alignsep@=\dimen108
\tagshift@=\dimen109
\tagwidth@=\dimen110
\totwidth@=\dimen111
\lineht@=\dimen112
\@envbody=\toks18
\multlinegap=\skip49
\multlinetaggap=\skip50
\mathdisplay@stack=\toks19
LaTeX Info: Redefining \[ on input line 2666.
LaTeX Info: Redefining \] on input line 2667.
)
(/usr/share/texlive/texmf-dist/tex/latex/amsfonts/amssymb.sty
Package: amssymb 2009/06/22 v3.00

(/usr/share/texlive/texmf-dist/tex/latex/amsfonts/amsfonts.sty
Package: amsfonts 2009/06/22 v3.00 Basic AMSFonts support
\symAMSa=\mathgroup5
\symAMSb=\mathgroup6
LaTeX Font Info:    Overwriting math alphabet `\mathfrak' in version `bold'
(Font)                  U/euf/m/n --> U/euf/b/n on input line 96.
))
(/usr/share/texlive/texmf-dist/tex/latex/graphics/graphics.sty
Package: graphics 2009/02/05 v1.0o Standard LaTeX Graphics (DPC,SPQR)

(/usr/share/texlive/texmf-dist/tex/latex/graphics/trig.sty
Package: trig 1999/03/16 v1.09 sin cos tan (DPC)
)
(/usr/share/texlive/texmf-dist/tex/latex/latexconfig/graphics.cfg
File: graphics.cfg 2010/04/23 v1.9 graphics configuration of TeX Live
)
Package graphics Info: Driver file: dvips.def on input line 91.

(/usr/share/texlive/texmf-dist/tex/latex/graphics/dvips.def
File: dvips.def 1999/02/16 v3.0i Driver-dependant file (DPC,SPQR)
))
(/usr/share/texlive/texmf-dist/tex/latex/graphics/graphicx.sty
Package: graphicx 1999/02/16 v1.0f Enhanced LaTeX Graphics (DPC,SPQR)

(/usr/share/texlive/texmf-dist/tex/latex/graphics/keyval.sty
Package: keyval 1999/03/16 v1.13 key=value parser (DPC)
\KV@toks@=\toks20
)
\Gin@req@height=\dimen113
\Gin@req@width=\dimen114
)
(/usr/share/texlive/texmf-dist/tex/latex/graphics/epsfig.sty
Package: epsfig 1999/02/16 v1.7a (e)psfig emulation (SPQR)
\epsfxsize=\dimen115
\epsfysize=\dimen116
)
(/usr/share/texlive/texmf-dist/tex/latex/graphics/color.sty
Package: color 2005/11/14 v1.0j Standard LaTeX Color (DPC)

(/usr/share/texlive/texmf-dist/tex/latex/latexconfig/color.cfg
File: color.cfg 2007/01/18 v1.5 color configuration of teTeX/TeXLive
)
Package color Info: Driver file: dvips.def on input line 130.

(/usr/share/texlive/texmf-dist/tex/latex/graphics/dvipsnam.def
File: dvipsnam.def 1999/02/16 v3.0i Driver-dependant file (DPC,SPQR)
))
Package color Info: Redefining color red on input line 14.
Package color Info: Redefining color blue on input line 16.

(/usr/share/texlive/texmf-dist/tex/generic/ulem/ulem.sty
\UL@box=\box28
\UL@hyphenbox=\box29
\UL@skip=\skip51
\UL@hook=\toks21
\UL@height=\dimen117
\UL@pe=\count101
\UL@pixel=\dimen118
\ULC@box=\box30
Package: ulem 2012/05/18
\ULdepth=\dimen119
) (./main.aux)
\openout1 = `main.aux'.

LaTeX Font Info:    Checking defaults for OML/cmm/m/it on input line 62.
LaTeX Font Info:    ... okay on input line 62.
LaTeX Font Info:    Checking defaults for T1/cmr/m/n on input line 62.
LaTeX Font Info:    ... okay on input line 62.
LaTeX Font Info:    Checking defaults for OT1/cmr/m/n on input line 62.
LaTeX Font Info:    ... okay on input line 62.
LaTeX Font Info:    Checking defaults for OMS/cmsy/m/n on input line 62.
LaTeX Font Info:    ... okay on input line 62.
LaTeX Font Info:    Checking defaults for OMX/cmex/m/n on input line 62.
LaTeX Font Info:    ... okay on input line 62.
LaTeX Font Info:    Checking defaults for U/cmr/m/n on input line 62.
LaTeX Font Info:    ... okay on input line 62.
LaTeX Font Info:    Try loading font information for U+msa on input line 75.

(/usr/share/texlive/texmf-dist/tex/latex/amsfonts/umsa.fd
File: umsa.fd 2009/06/22 v3.00 AMS symbols A
)
LaTeX Font Info:    Try loading font information for U+msb on input line 75.

(/usr/share/texlive/texmf-dist/tex/latex/amsfonts/umsb.fd
File: umsb.fd 2009/06/22 v3.00 AMS symbols B
)
Overfull \hbox (9.39989pt too wide) in paragraph at lines 75--75
[][]  
 []


Underfull \hbox (badness 10000) in paragraph at lines 77--78

 []


Package natbib Warning: Citation `Libeskind2012' on page 1 undefined on input l
ine 105.


Underfull \vbox (badness 10000) has occurred while \output is active []

LaTeX Font Info:    Try loading font information for OMS+cmr on input line 204.


(/usr/share/texlive/texmf-dist/tex/latex/base/omscmr.fd
File: omscmr.fd 1999/05/25 v2.5h Standard LaTeX font definitions
)
LaTeX Font Info:    Font shape `OMS/cmr/m/n' in size <8> not available
(Font)              Font shape `OMS/cmsy/m/n' tried instead on input line 204.
 [1


]
Underfull \vbox (badness 5862) has occurred while \output is active []

File: ../plot2/256/256_T1V1.ps Graphic file (type eps)

<../plot2/256/256_T1V1.ps>
File: ../plot2/256/256_T1V2.ps Graphic file (type eps)
 <../plot2/256/256_T1V2.ps>
File: ../plot2/256/256_T1V3.ps Graphic file (type eps)

<../plot2/256/256_T1V3.ps>
File: ../plot2/256/256_T2V1.ps Graphic file (type eps)
 <../plot2/256/256_T2V1.ps>
File: ../plot2/256/256_T2V2.ps Graphic file (type eps)

<../plot2/256/256_T2V2.ps>
File: ../plot2/256/256_T2V3.ps Graphic file (type eps)
 <../plot2/256/256_T2V3.ps>
File: ../plot2/256/256_T3V1.ps Graphic file (type eps)

<../plot2/256/256_T3V1.ps>
File: ../plot2/256/256_T3V2.ps Graphic file (type eps)
 <../plot2/256/256_T3V2.ps>
File: ../plot2/256/256_T3V3.ps Graphic file (type eps)

<../plot2/256/256_T3V3.ps>
File: ../plot2/512/512_T1V1.ps Graphic file (type eps)
 <../plot2/512/512_T1V1.ps>
File: ../plot2/512/512_T1V2.ps Graphic file (type eps)

<../plot2/512/512_T1V2.ps>
File: ../plot2/512/512_T1V3.ps Graphic file (type eps)
 <../plot2/512/512_T1V3.ps>
File: ../plot2/512/512_T2V1.ps Graphic file (type eps)

<../plot2/512/512_T2V1.ps>
File: ../plot2/512/512_T2V2.ps Graphic file (type eps)
 <../plot2/512/512_T2V2.ps>
File: ../plot2/512/512_T2V3.ps Graphic file (type eps)

<../plot2/512/512_T2V3.ps>
File: ../plot2/512/512_T3V1.ps Graphic file (type eps)
 <../plot2/512/512_T3V1.ps>
File: ../plot2/512/512_T3V2.ps Graphic file (type eps)

<../plot2/512/512_T3V2.ps>
File: ../plot2/512/512_T3V3.ps Graphic file (type eps)
 <../plot2/512/512_T3V3.ps>
File: ../plot2/Mass/Web.ps Graphic file (type eps)
 <../plot2/Mass/Web.ps>
File: ../plot2/Ax1_VT/256_AX1_V1.ps Graphic file (type eps)

<../plot2/Ax1_VT/256_AX1_V1.ps>
File: ../plot2/Ax2_VT/256_AX2_V1.ps Graphic file (type eps)
 <../plot2/Ax2_VT/256_AX2_V1.ps>
File: ../plot2/Ax3_VT/256_AX3_V1.ps Graphic file (type eps)

<../plot2/Ax3_VT/256_AX3_V1.ps>
File: ../plot2/Ax1_VT/256_AX1_V2.ps Graphic file (type eps)
 <../plot2/Ax1_VT/256_AX1_V2.ps>
File: ../plot2/Ax2_VT/256_AX2_V2.ps Graphic file (type eps)

<../plot2/Ax2_VT/256_AX2_V2.ps>
File: ../plot2/Ax3_VT/256_AX3_V2.ps Graphic file (type eps)
 <../plot2/Ax3_VT/256_AX3_V2.ps>
File: ../plot2/Ax1_VT/256_AX1_V3.ps Graphic file (type eps)

<../plot2/Ax1_VT/256_AX1_V3.ps>
File: ../plot2/Ax2_VT/256_AX2_V2.ps Graphic file (type eps)
 <../plot2/Ax2_VT/256_AX2_V2.ps>
File: ../plot2/Ax3_VT/256_AX3_V3.ps Graphic file (type eps)

<../plot2/Ax3_VT/256_AX3_V3.ps>
File: ../plot2/Ax1_VT/256_AX1_T1.ps Graphic file (type eps)
 <../plot2/Ax1_VT/256_AX1_T1.ps>
File: ../plot2/Ax2_VT/256_AX2_T1.ps Graphic file (type eps)

<../plot2/Ax2_VT/256_AX2_T1.ps>
File: ../plot2/Ax3_VT/256_AX3_T1.ps Graphic file (type eps)
 <../plot2/Ax3_VT/256_AX3_T1.ps>
File: ../plot2/Ax1_VT/256_AX1_T2.ps Graphic file (type eps)

<../plot2/Ax1_VT/256_AX1_T2.ps>
File: ../plot2/Ax2_VT/256_AX2_T2.ps Graphic file (type eps)
 <../plot2/Ax2_VT/256_AX2_T2.ps>
File: ../plot2/Ax3_VT/256_AX3_T2.ps Graphic file (type eps)

<../plot2/Ax3_VT/256_AX3_T2.ps>
File: ../plot2/Ax1_VT/256_AX1_T3.ps Graphic file (type eps)
 <../plot2/Ax1_VT/256_AX1_T3.ps>
File: ../plot2/Ax2_VT/256_AX2_T2.ps Graphic file (type eps)

<../plot2/Ax2_VT/256_AX2_T2.ps>
File: ../plot2/Ax3_VT/256_AX3_T3.ps Graphic file (type eps)
 <../plot2/Ax3_VT/256_AX3_T3.ps>
File: ../plot2/Ax1_VT/512_AX1_V1.ps Graphic file (type eps)

<../plot2/Ax1_VT/512_AX1_V1.ps>
File: ../plot2/Ax2_VT/512_AX2_V1.ps Graphic file (type eps)
 <../plot2/Ax2_VT/512_AX2_V1.ps>
File: ../plot2/Ax3_VT/512_AX3_V1.ps Graphic file (type eps)

<../plot2/Ax3_VT/512_AX3_V1.ps>
File: ../plot2/Ax1_VT/512_AX1_V2.ps Graphic file (type eps)
 <../plot2/Ax1_VT/512_AX1_V2.ps>
File: ../plot2/Ax2_VT/512_AX2_V2.ps Graphic file (type eps)

<../plot2/Ax2_VT/512_AX2_V2.ps>
File: ../plot2/Ax3_VT/512_AX3_V2.ps Graphic file (type eps)
 <../plot2/Ax3_VT/512_AX3_V2.ps>
File: ../plot2/Ax1_VT/512_AX1_V3.ps Graphic file (type eps)

<../plot2/Ax1_VT/512_AX1_V3.ps>
File: ../plot2/Ax2_VT/512_AX2_V2.ps Graphic file (type eps)
 <../plot2/Ax2_VT/512_AX2_V2.ps>
File: ../plot2/Ax3_VT/512_AX3_V3.ps Graphic file (type eps)

<../plot2/Ax3_VT/512_AX3_V3.ps>
File: ../plot2/Ax1_VT/512_AX1_T1.ps Graphic file (type eps)
 <../plot2/Ax1_VT/512_AX1_T1.ps>
File: ../plot2/Ax2_VT/512_AX2_T1.ps Graphic file (type eps)

<../plot2/Ax2_VT/512_AX2_T1.ps>
File: ../plot2/Ax3_VT/512_AX3_T1.ps Graphic file (type eps)
 <../plot2/Ax3_VT/512_AX3_T1.ps>
File: ../plot2/Ax1_VT/512_AX1_T2.ps Graphic file (type eps)

<../plot2/Ax1_VT/512_AX1_T2.ps>
File: ../plot2/Ax2_VT/512_AX2_T2.ps Graphic file (type eps)
 <../plot2/Ax2_VT/512_AX2_T2.ps>
File: ../plot2/Ax3_VT/512_AX3_T2.ps Graphic file (type eps)

<../plot2/Ax3_VT/512_AX3_T2.ps>
File: ../plot2/Ax1_VT/512_AX1_T3.ps Graphic file (type eps)
 <../plot2/Ax1_VT/512_AX1_T3.ps>
File: ../plot2/Ax2_VT/512_AX2_T2.ps Graphic file (type eps)

<../plot2/Ax2_VT/512_AX2_T2.ps>
File: ../plot2/Ax3_VT/512_AX3_T3.ps Graphic file (type eps)
 <../plot2/Ax3_VT/512_AX3_T3.ps>
File: ../plot2/Mass/VWeb.ps Graphic file (type eps)

<../plot2/Mass/VWeb.ps>
File: ../plot2/Mass/TWeb.ps Graphic file (type eps)
 <../plot2/Mass/TWeb.ps> [2]
File: ../plot2/J/256_J_V1.ps Graphic file (type eps)
 <../plot2/J/256_J_V1.ps>
File: ../plot2/J/256_J_V2.ps Graphic file (type eps)

<../plot2/J/256_J_V2.ps>
File: ../plot2/J/256_J_V3.ps Graphic file (type eps)
 <../plot2/J/256_J_V3.ps>
File: ../plot2/J/512_J_V1.ps Graphic file (type eps)
 <../plot2/J/512_J_V1.ps>
File: ../plot2/J/512_J_V2.ps Graphic file (type eps)

<../plot2/J/512_J_V2.ps>
File: ../plot2/J/512_J_V3.ps Graphic file (type eps)
 <../plot2/J/512_J_V3.ps>
File: ../plot2/J/256_J_T1.ps Graphic file (type eps)
 <../plot2/J/256_J_T1.ps>
File: ../plot2/J/256_J_T2.ps Graphic file (type eps)

<../plot2/J/256_J_T2.ps>
File: ../plot2/J/256_J_T3.ps Graphic file (type eps)
 <../plot2/J/256_J_T3.ps>
File: ../plot2/J/512_J_T1.ps Graphic file (type eps)
 <../plot2/J/512_J_T1.ps>
File: ../plot2/J/512_J_T2.ps Graphic file (type eps)

<../plot2/J/512_J_T2.ps>
File: ../plot2/J/512_J_T3.ps Graphic file (type eps)
 <../plot2/J/512_J_T3.ps>
File: ../plot2/Mass/jVWeb.ps Graphic file (type eps)
 <../plot2/Mass/jVWeb.ps>
File: ../plot2/Mass/jTWeb.ps Graphic file (type eps)

<../plot2/Mass/jTWeb.ps>
File: ../plot2/Vel/256_vel_V1.ps Graphic file (type eps)
 <../plot2/Vel/256_vel_V1.ps>
File: ../plot2/Vel/256_vel_V2.ps Graphic file (type eps)

<../plot2/Vel/256_vel_V2.ps>
File: ../plot2/Vel/256_vel_V3.ps Graphic file (type eps)
 <../plot2/Vel/256_vel_V3.ps>
File: ../plot2/Vel/512_vel_V1.ps Graphic file (type eps)

<../plot2/Vel/512_vel_V1.ps>
File: ../plot2/Vel/512_vel_V2.ps Graphic file (type eps)
 <../plot2/Vel/512_vel_V2.ps>
File: ../plot2/Vel/512_vel_V3.ps Graphic file (type eps)

<../plot2/Vel/512_vel_V3.ps>
File: ../plot2/Vel/256_vel_T1.ps Graphic file (type eps)
 <../plot2/Vel/256_vel_T1.ps>
File: ../plot2/Vel/256_vel_T2.ps Graphic file (type eps)

<../plot2/Vel/256_vel_T2.ps>
File: ../plot2/Vel/256_vel_T3.ps Graphic file (type eps)
 <../plot2/Vel/256_vel_T3.ps>
File: ../plot2/Vel/512_vel_T1.ps Graphic file (type eps)

<../plot2/Vel/512_vel_T1.ps>
File: ../plot2/Vel/512_vel_T2.ps Graphic file (type eps)
 <../plot2/Vel/512_vel_T2.ps>
File: ../plot2/Vel/512_vel_T3.ps Graphic file (type eps)

<../plot2/Vel/512_vel_T3.ps>
File: ../plot2/Mass/vVWeb.ps Graphic file (type eps)
 <../plot2/Mass/vVWeb.ps>
File: ../plot2/Mass/vTWeb.ps Graphic file (type eps)
 <../plot2/Mass/vTWeb.ps>
(./main.bbl
Underfull \vbox (badness 10000) has occurred while \output is active []

)

Package natbib Warning: There were undefined citations.

[3]
Underfull \vbox (badness 10000) has occurred while \output is active []

 [4]
Underfull \vbox (badness 10000) has occurred while \output is active []

 [5]
Underfull \vbox (badness 10000) has occurred while \output is active []

 [6]
Underfull \vbox (badness 10000) has occurred while \output is active []

 [7]
Underfull \vbox (badness 10000) has occurred while \output is active []

 [8]
Underfull \vbox (badness 10000) has occurred while \output is active []

 [9]
Underfull \vbox (badness 10000) has occurred while \output is active []

 [10]
Underfull \vbox (badness 10000) has occurred while \output is active []

 [11]
Underfull \vbox (badness 10000) has occurred while \output is active []

 [12]
(./main.aux) ) 
Here is how much of TeX's memory you used:
 2567 strings out of 495060
 30934 string characters out of 3182053
 89467 words of memory out of 3000000
 5642 multiletter control sequences out of 15000+200000
 17322 words of font info for 64 fonts, out of 3000000 for 9000
 14 hyphenation exceptions out of 8191
 31i,12n,34p,220b,302s stack positions out of 5000i,500n,10000p,200000b,50000s

Output written on main.dvi (12 pages, 28496 bytes).
